<?xml version="1.0" encoding="UTF-8"?>
<!-- Generated by org.testng.reporters.JUnitXMLReporter -->
<testsuite hostname="gustavo-desktop" ignored="0" name="Default test" tests="7" failures="0" timestamp="07 set 2017 20:54:53 GMT" time="28.209" errors="0">
  <testcase name="checkDefaultEditorialsContentQty" time="5.58" classname="testCases.MobileChromeFotogalleries"/>
  <testcase name="checkDefaultOptionEditorials" time="2.401" classname="testCases.MobileChromeFotogalleries"/>
  <testcase name="checkEditorialsContentQtyAllPossibleOptions" time="11.846" classname="testCases.MobileChromeFotogalleries"/>
  <testcase name="checkFotogalleriesTitle" time="2.06" classname="testCases.MobileChromeFotogalleries"/>
  <testcase name="checkRandomEditorialsContentQty" time="2.472" classname="testCases.MobileChromeFotogalleries"/>
  <testcase name="mostViewedAreaValidate" time="1.838" classname="testCases.MobileChromeFotogalleries"/>
  <testcase name="recommendedAreaValidate" time="1.992" classname="testCases.MobileChromeFotogalleries"/>
</testsuite> <!-- Default test -->
